VPP/android/.build/outputs/logs/manifest-merger-debug-report.txt
-- Merging decision tree log ---
manifest
ADDED from VPP/android/AndroidManifest.xml:2:1-83:12
	package
		ADDED from VPP/android/AndroidManifest.xml:2:11-38
	android:versionName
		ADDED from VPP/android/AndroidManifest.xml:2:98-123
		INJECTED from VPP/android/AndroidManifest.xml
		INJECTED from VPP/android/AndroidManifest.xml
	android:versionCode
		ADDED from VPP/android/AndroidManifest.xml:2:124-147
		INJECTED from VPP/android/AndroidManifest.xml
		INJECTED from VPP/android/AndroidManifest.xml
	xmlns:android
		ADDED from VPP/android/AndroidManifest.xml:2:39-97
	android:installLocation
		ADDED from VPP/android/AndroidManifest.xml:2:148-178
uses-permission#android.permission.BLUETOOTH
ADDED from VPP/android/AndroidManifest.xml:4:5-67
	android:name
		ADDED from VPP/android/AndroidManifest.xml:4:22-65
uses-permission#android.permission.BLUETOOTH_ADMIN
ADDED from VPP/android/AndroidManifest.xml:5:5-73
	android:name
		ADDED from VPP/android/AndroidManifest.xml:5:22-71
uses-permission#android.permission.ACCESS_COARSE_LOCATION
ADDED from VPP/android/AndroidManifest.xml:6:5-80
	android:name
		ADDED from VPP/android/AndroidManifest.xml:6:22-78
application
ADDED from VPP/android/AndroidManifest.xml:7:5-70:19
	android:label
		ADDED from VPP/android/AndroidManifest.xml:7:117-158
	android:hardwareAccelerated
		ADDED from VPP/android/AndroidManifest.xml:7:18-52
	android:icon
		ADDED from VPP/android/AndroidManifest.xml:7:159-188
	android:name
		ADDED from VPP/android/AndroidManifest.xml:7:53-116
activity#org.qtproject.vpp.MainActivity
ADDED from VPP/android/AndroidManifest.xml:8:9-64:16
	android:screenOrientation
		ADDED from VPP/android/AndroidManifest.xml:8:244-283
	android:label
		ADDED from VPP/android/AndroidManifest.xml:8:202-243
	android:launchMode
		ADDED from VPP/android/AndroidManifest.xml:8:284-314
	android:configChanges
		ADDED from VPP/android/AndroidManifest.xml:8:48-201
	android:name
		ADDED from VPP/android/AndroidManifest.xml:8:19-47
intent-filter#android.intent.action.MAIN+android.intent.category.LAUNCHER
ADDED from VPP/android/AndroidManifest.xml:9:13-12:29
action#android.intent.action.MAIN
ADDED from VPP/android/AndroidManifest.xml:10:17-68
	android:name
		ADDED from VPP/android/AndroidManifest.xml:10:25-66
category#android.intent.category.LAUNCHER
ADDED from VPP/android/AndroidManifest.xml:11:17-76
	android:name
		ADDED from VPP/android/AndroidManifest.xml:11:27-74
meta-data#android.app.lib_name
ADDED from VPP/android/AndroidManifest.xml:18:13-107
	android:value
		ADDED from VPP/android/AndroidManifest.xml:18:60-105
	android:name
		ADDED from VPP/android/AndroidManifest.xml:18:24-59
meta-data#android.app.qt_sources_resource_id
ADDED from VPP/android/AndroidManifest.xml:19:13-112
	android:resource
		ADDED from VPP/android/AndroidManifest.xml:19:74-110
	android:name
		ADDED from VPP/android/AndroidManifest.xml:19:24-73
meta-data#android.app.repository
ADDED from VPP/android/AndroidManifest.xml:20:13-87
	android:value
		ADDED from VPP/android/AndroidManifest.xml:20:62-85
	android:name
		ADDED from VPP/android/AndroidManifest.xml:20:24-61
meta-data#android.app.qt_libs_resource_id
ADDED from VPP/android/AndroidManifest.xml:21:13-106
	android:resource
		ADDED from VPP/android/AndroidManifest.xml:21:71-104
	android:name
		ADDED from VPP/android/AndroidManifest.xml:21:24-70
meta-data#android.app.bundled_libs_resource_id
ADDED from VPP/android/AndroidManifest.xml:22:13-116
	android:resource
		ADDED from VPP/android/AndroidManifest.xml:22:76-114
	android:name
		ADDED from VPP/android/AndroidManifest.xml:22:24-75
meta-data#android.app.bundle_local_qt_libs
ADDED from VPP/android/AndroidManifest.xml:24:13-120
	android:value
		ADDED from VPP/android/AndroidManifest.xml:24:72-118
	android:name
		ADDED from VPP/android/AndroidManifest.xml:24:24-71
meta-data#android.app.bundled_in_lib_resource_id
ADDED from VPP/android/AndroidManifest.xml:25:13-120
	android:resource
		ADDED from VPP/android/AndroidManifest.xml:25:78-118
	android:name
		ADDED from VPP/android/AndroidManifest.xml:25:24-77
meta-data#android.app.bundled_in_assets_resource_id
ADDED from VPP/android/AndroidManifest.xml:26:13-126
	android:resource
		ADDED from VPP/android/AndroidManifest.xml:26:81-124
	android:name
		ADDED from VPP/android/AndroidManifest.xml:26:24-80
meta-data#android.app.use_local_qt_libs
ADDED from VPP/android/AndroidManifest.xml:28:13-114
	android:value
		ADDED from VPP/android/AndroidManifest.xml:28:69-112
	android:name
		ADDED from VPP/android/AndroidManifest.xml:28:24-68
meta-data#android.app.libs_prefix
ADDED from VPP/android/AndroidManifest.xml:29:13-100
	android:value
		ADDED from VPP/android/AndroidManifest.xml:29:63-98
	android:name
		ADDED from VPP/android/AndroidManifest.xml:29:24-62
meta-data#android.app.load_local_libs
ADDED from VPP/android/AndroidManifest.xml:30:13-112
	android:value
		ADDED from VPP/android/AndroidManifest.xml:30:67-110
	android:name
		ADDED from VPP/android/AndroidManifest.xml:30:24-66
meta-data#android.app.load_local_jars
ADDED from VPP/android/AndroidManifest.xml:31:13-112
	android:value
		ADDED from VPP/android/AndroidManifest.xml:31:67-110
	android:name
		ADDED from VPP/android/AndroidManifest.xml:31:24-66
meta-data#android.app.static_init_classes
ADDED from VPP/android/AndroidManifest.xml:32:13-118
	android:value
		ADDED from VPP/android/AndroidManifest.xml:32:71-116
	android:name
		ADDED from VPP/android/AndroidManifest.xml:32:24-70
meta-data#android.app.ministro_not_found_msg
ADDED from VPP/android/AndroidManifest.xml:34:13-122
	android:value
		ADDED from VPP/android/AndroidManifest.xml:34:24-70
	android:name
		ADDED from VPP/android/AndroidManifest.xml:34:71-120
meta-data#android.app.ministro_needed_msg
ADDED from VPP/android/AndroidManifest.xml:35:13-116
	android:value
		ADDED from VPP/android/AndroidManifest.xml:35:24-67
	android:name
		ADDED from VPP/android/AndroidManifest.xml:35:68-114
meta-data#android.app.fatal_error_msg
ADDED from VPP/android/AndroidManifest.xml:36:13-108
	android:value
		ADDED from VPP/android/AndroidManifest.xml:36:24-63
	android:name
		ADDED from VPP/android/AndroidManifest.xml:36:64-106
meta-data#android.app.background_running
ADDED from VPP/android/AndroidManifest.xml:49:13-93
	android:value
		ADDED from VPP/android/AndroidManifest.xml:49:70-91
	android:name
		ADDED from VPP/android/AndroidManifest.xml:49:24-69
meta-data#android.app.auto_screen_scale_factor
ADDED from VPP/android/AndroidManifest.xml:53:13-99
	android:value
		ADDED from VPP/android/AndroidManifest.xml:53:76-97
	android:name
		ADDED from VPP/android/AndroidManifest.xml:53:24-75
meta-data#android.app.extract_android_style
ADDED from VPP/android/AndroidManifest.xml:62:13-95
	android:value
		ADDED from VPP/android/AndroidManifest.xml:62:73-93
	android:name
		ADDED from VPP/android/AndroidManifest.xml:62:24-72
service#org.qtproject.vpp.ScanAdvertiser
ADDED from VPP/android/AndroidManifest.xml:65:9-97
	android:enabled
		ADDED from VPP/android/AndroidManifest.xml:65:49-71
	android:exported
		ADDED from VPP/android/AndroidManifest.xml:65:72-95
	android:name
		ADDED from VPP/android/AndroidManifest.xml:65:18-48
service#org.qtproject.vpp.AdvertiserService
ADDED from VPP/android/AndroidManifest.xml:66:9-100
	android:enabled
		ADDED from VPP/android/AndroidManifest.xml:66:52-74
	android:exported
		ADDED from VPP/android/AndroidManifest.xml:66:75-98
	android:name
		ADDED from VPP/android/AndroidManifest.xml:66:18-51
uses-sdk
ADDED from VPP/android/AndroidManifest.xml:72:5-73
	android:targetSdkVersion
		ADDED from VPP/android/AndroidManifest.xml:72:42-71
	android:minSdkVersion
		ADDED from VPP/android/AndroidManifest.xml:72:15-41
supports-screens
ADDED from VPP/android/AndroidManifest.xml:73:5-135
	android:largeScreens
		ADDED from VPP/android/AndroidManifest.xml:73:23-50
	android:smallScreens
		ADDED from VPP/android/AndroidManifest.xml:73:106-133
	android:normalScreens
		ADDED from VPP/android/AndroidManifest.xml:73:51-79
	android:anyDensity
		ADDED from VPP/android/AndroidManifest.xml:73:80-105